<?xml version="1.0" encoding="UTF-8"?>
<!-- Generated by org.testng.reporters.JUnitReportReporter -->
<testsuite hostname="Gaurav" failures="0" tests="10" name="scripts.TestCase" time="86.041" errors="0" timestamp="2023-07-12T17:40:42 IST" skipped="0">
  <testcase classname="scripts.TestCase" name="TestCase001" time="2.340"/>
  <system-out/>
  <testcase classname="scripts.TestCase" name="TestCase002" time="2.387"/>
  <system-out/>
  <testcase classname="scripts.TestCase" name="TestCase003" time="5.429"/>
  <system-out/>
  <testcase classname="scripts.TestCase" name="TestCase004" time="15.724"/>
  <system-out/>
  <testcase classname="scripts.TestCase" name="TestCase005" time="10.035"/>
  <system-out/>
  <testcase classname="scripts.TestCase" name="TestCase006" time="10.014"/>
  <system-out/>
  <testcase classname="scripts.TestCase" name="TestCase007" time="10.020"/>
  <system-out/>
  <testcase classname="scripts.TestCase" name="TestCase008" time="10.018"/>
  <system-out/>
  <testcase classname="scripts.TestCase" name="TestCase009" time="10.045"/>
  <system-out/>
  <testcase classname="scripts.TestCase" name="TestCase010" time="10.029"/>
  <system-out/>
</testsuite> <!-- scripts.TestCase -->
